[2019-5-8 22:42:58] 200 ; paris , london , prague
[2019-5-8 22:43:41] 404 ; ads , asd , dsa
[2019-5-8 22:43:56] 200 ; aveiro , porto , braga
[2019-5-9 09:31:50] 200 ; paris , london , new york
[2019-5-9 09:32:46] 200 ; paris , london , new mexico
[2019-5-9 09:32:57] 200 ; porto , london , prague
[2019-5-9 21:12:15] 200 ; aveiro , paris , london
[2019-5-9 21:13:36] 200 ; aveiro , paris , london
[2019-5-9 21:14:00] 200 ; aveiro , paris , london
[2019-5-9 21:14:47] 200 ; aveiro , paris , london
[2019-5-9 21:15:39] 200 ; aveiro , paris , london
[2019-5-9 21:16:37] 200 ; aveiro , paris , london
[2019-5-9 21:16:52] 200 ; aveiro , paris , london
[2019-5-9 21:16:58] 200 ; aveiro , paris , london
[2019-5-9 21:17:05] 200 ; aveiro , paris , london
[2019-5-9 21:17:28] 200 ; aveiro , paris , london
[2019-5-9 21:17:33] 200 ; aveiro , paris , london
[2019-5-9 21:17:55] 200 ; aveiro , porto , braga
[2019-5-9 21:18:12] 200 ; paris , london , beijing
[2019-5-9 21:18:45] 200 ; london , porto , paris
[2019-5-9 21:19:11] 200 ; paris , london , aveiro
[2019-5-9 21:24:27] 200 ; london , porto , paris
[2019-5-9 21:24:54] 200 ; paris , london , aveiro
[2019-5-9 21:26:18] 200 ; paris , london , aveiro
[2019-5-9 21:26:37] 200 ; paris , london , aveiro
[2019-5-9 21:29:58] 200 ; paris , london , aveiro
[2019-5-11 00:43:57] 200 ; aveiro , braga , toronto
[2019-5-15 22:29:58] 200 ; london , porto , braga
[2019-5-15 22:30:58] 200 ; aveiro , paris , london
[2019-5-15 22:31:30] 200 ; aveiro , paris , london
[2019-5-15 22:31:34] 200 ; aveiro , paris , london
[2019-5-15 22:31:51] 404 ; ads , asfasfd , affdasg
[2019-5-15 22:32:35] 404 ; ads , asfasfd , affdasg
[2019-5-15 22:32:51] 200 ; aveiro , braga , porto
[2019-5-15 22:35:07] 200 ; aveiro , porto , braga
